[2024-02-22 17:04:09,145: INFO: main: Welcome to custom log]
[2024-02-22 20:15:24,690: INFO: main: >>>>>> stage Data Ingestion stage started <<<<<<]
[2024-02-22 20:15:24,692: INFO: common: yaml file: config\config.yaml loaded successfully]
[2024-02-22 20:15:24,693: INFO: common: yaml file: params.yaml loaded successfully]
[2024-02-22 20:15:24,694: INFO: common: created directory at: artifacts]
[2024-02-22 20:15:24,694: INFO: common: created directory at: artifacts/data_ingestion]
[2024-02-22 20:15:24,695: INFO: data_ingestion: Downloading data from https://drive.google.com/file/d/1UYC3h9K1DofV18stjVLyuu1KN6WGHryG/view?usp=drive_link into file artifacts/data_ingestion/data.zip]
[2024-02-22 20:17:56,625: INFO: data_ingestion: Downloaded data from https://drive.google.com/file/d/1UYC3h9K1DofV18stjVLyuu1KN6WGHryG/view?usp=drive_link into file artifacts/data_ingestion/data.zip]
[2024-02-22 20:18:04,292: INFO: main: >>>>>> stage Data Ingestion stage completed <<<<<<

x==========x]
[2024-02-22 20:18:04,293: INFO: main: *******************]
[2024-02-22 20:18:04,293: INFO: main: >>>>>> stage Prepare base model started <<<<<<]
[2024-02-22 20:18:04,293: ERROR: main: name 'PrepareBaseModelTrainingPipeline' is not defined]
Traceback (most recent call last):
  File "main.py", line 25, in <module>
    prepare_base_model = PrepareBaseModelTrainingPipeline()
NameError: name 'PrepareBaseModelTrainingPipeline' is not defined
[2024-02-22 20:19:15,121: INFO: main: >>>>>> STAGE DATA INGESTION STARTED <<<<<<]
[2024-02-22 20:19:15,124: INFO: common: yaml file: config\config.yaml loaded successfully]
[2024-02-22 20:19:15,126: INFO: common: yaml file: params.yaml loaded successfully]
[2024-02-22 20:19:15,126: INFO: common: created directory at: artifacts]
[2024-02-22 20:19:15,127: INFO: common: created directory at: artifacts/data_ingestion]
[2024-02-22 20:19:15,127: INFO: data_ingestion: Downloading data from https://drive.google.com/file/d/1UYC3h9K1DofV18stjVLyuu1KN6WGHryG/view?usp=drive_link into file artifacts/data_ingestion/data.zip]
[2024-02-22 20:19:35,974: INFO: main: >>>>>> STAGE DATA INGESTION STARTED <<<<<<]
[2024-02-22 20:19:35,976: INFO: common: yaml file: config\config.yaml loaded successfully]
[2024-02-22 20:19:35,978: INFO: common: yaml file: params.yaml loaded successfully]
[2024-02-22 20:19:35,978: INFO: common: created directory at: artifacts]
[2024-02-22 20:19:35,979: INFO: common: created directory at: artifacts/data_ingestion]
[2024-02-22 20:19:35,979: INFO: data_ingestion: Downloading data from https://drive.google.com/file/d/1UYC3h9K1DofV18stjVLyuu1KN6WGHryG/view?usp=drive_link into file artifacts/data_ingestion/data.zip]
[2024-02-22 20:21:54,974: INFO: data_ingestion: Downloaded data from https://drive.google.com/file/d/1UYC3h9K1DofV18stjVLyuu1KN6WGHryG/view?usp=drive_link into file artifacts/data_ingestion/data.zip]
[2024-02-22 20:22:02,305: INFO: main: >>>>>> STAGE DATA INGESTION COMPLETED <<<<<<

x==========x]
[2024-02-27 11:32:45,689: INFO: common: yaml file: config\config.yaml loaded successfully]
[2024-02-27 11:32:45,704: INFO: common: yaml file: params.yaml loaded successfully]
[2024-02-27 11:32:45,704: INFO: common: created directory at: artifacts]
[2024-02-27 11:32:45,712: INFO: common: created directory at: artifacts/prepare_base_model]
[2024-02-27 11:32:53,233: WARNING: saving_utils: Compiled the loaded model, but the compiled metrics have yet to be built. `model.compile_metrics` will be empty until you train or evaluate the model.]
[2024-02-27 11:33:43,715: INFO: common: yaml file: config\config.yaml loaded successfully]
[2024-02-27 11:33:43,715: INFO: common: yaml file: params.yaml loaded successfully]
[2024-02-27 11:33:43,715: INFO: common: created directory at: artifacts]
[2024-02-27 11:33:43,726: INFO: common: created directory at: artifacts/prepare_base_model]
[2024-02-27 11:33:44,039: WARNING: saving_utils: Compiled the loaded model, but the compiled metrics have yet to be built. `model.compile_metrics` will be empty until you train or evaluate the model.]
[2024-02-27 11:34:04,971: INFO: common: yaml file: config\config.yaml loaded successfully]
[2024-02-27 11:34:04,980: INFO: common: yaml file: params.yaml loaded successfully]
[2024-02-27 11:34:04,980: INFO: common: created directory at: artifacts]
[2024-02-27 11:34:04,980: INFO: common: created directory at: artifacts/prepare_base_model]
[2024-02-27 11:34:05,306: WARNING: saving_utils: Compiled the loaded model, but the compiled metrics have yet to be built. `model.compile_metrics` will be empty until you train or evaluate the model.]
[2024-02-27 11:34:27,336: INFO: common: yaml file: config\config.yaml loaded successfully]
[2024-02-27 11:34:27,336: INFO: common: yaml file: params.yaml loaded successfully]
[2024-02-27 11:34:27,336: INFO: common: created directory at: artifacts]
[2024-02-27 11:34:27,336: INFO: common: created directory at: artifacts/prepare_base_model]
[2024-02-27 11:34:27,657: WARNING: saving_utils: Compiled the loaded model, but the compiled metrics have yet to be built. `model.compile_metrics` will be empty until you train or evaluate the model.]
[2024-02-27 11:34:44,909: INFO: common: yaml file: config\config.yaml loaded successfully]
[2024-02-27 11:34:44,909: INFO: common: yaml file: params.yaml loaded successfully]
[2024-02-27 11:34:44,909: INFO: common: created directory at: artifacts]
[2024-02-27 11:34:44,909: INFO: common: created directory at: artifacts/prepare_base_model]
[2024-02-27 11:34:45,234: WARNING: saving_utils: Compiled the loaded model, but the compiled metrics have yet to be built. `model.compile_metrics` will be empty until you train or evaluate the model.]
[2024-02-27 11:35:10,354: INFO: common: yaml file: config\config.yaml loaded successfully]
[2024-02-27 11:35:10,361: INFO: common: yaml file: params.yaml loaded successfully]
[2024-02-27 11:35:10,361: INFO: common: created directory at: artifacts]
[2024-02-27 11:35:10,361: INFO: common: created directory at: artifacts/prepare_base_model]
[2024-02-27 11:35:10,678: WARNING: saving_utils: Compiled the loaded model, but the compiled metrics have yet to be built. `model.compile_metrics` will be empty until you train or evaluate the model.]
[2024-02-27 11:36:33,596: INFO: common: yaml file: config\config.yaml loaded successfully]
[2024-02-27 11:36:33,602: INFO: common: yaml file: params.yaml loaded successfully]
[2024-02-27 11:36:33,602: INFO: common: created directory at: artifacts]
[2024-02-27 11:36:33,604: INFO: common: created directory at: artifacts/prepare_base_model]
[2024-02-27 11:36:33,914: WARNING: saving_utils: Compiled the loaded model, but the compiled metrics have yet to be built. `model.compile_metrics` will be empty until you train or evaluate the model.]
[2024-02-27 11:37:42,948: INFO: common: yaml file: config\config.yaml loaded successfully]
[2024-02-27 11:37:42,952: INFO: common: yaml file: params.yaml loaded successfully]
[2024-02-27 11:37:42,958: INFO: common: created directory at: artifacts]
[2024-02-27 11:37:42,958: INFO: common: created directory at: artifacts/prepare_base_model]
[2024-02-27 11:37:43,268: WARNING: saving_utils: Compiled the loaded model, but the compiled metrics have yet to be built. `model.compile_metrics` will be empty until you train or evaluate the model.]
[2024-02-27 11:38:04,753: INFO: common: yaml file: config\config.yaml loaded successfully]
[2024-02-27 11:38:04,762: INFO: common: yaml file: params.yaml loaded successfully]
[2024-02-27 11:38:04,762: INFO: common: created directory at: artifacts]
[2024-02-27 11:38:04,762: INFO: common: created directory at: artifacts/prepare_base_model]
[2024-02-27 11:38:05,072: WARNING: saving_utils: Compiled the loaded model, but the compiled metrics have yet to be built. `model.compile_metrics` will be empty until you train or evaluate the model.]
[2024-02-27 11:51:23,206: INFO: common: yaml file: config\config.yaml loaded successfully]
[2024-02-27 11:51:23,209: INFO: common: yaml file: params.yaml loaded successfully]
[2024-02-27 11:51:23,213: INFO: common: created directory at: artifacts]
[2024-02-27 11:51:23,214: INFO: common: created directory at: artifacts/prepare_base_model]
[2024-02-27 11:51:23,533: WARNING: saving_utils: Compiled the loaded model, but the compiled metrics have yet to be built. `model.compile_metrics` will be empty until you train or evaluate the model.]
[2024-02-27 12:18:46,174: INFO: main: >>>>>> STAGE DATA INGESTION STARTED <<<<<<]
[2024-02-27 12:18:46,174: INFO: common: yaml file: config\config.yaml loaded successfully]
[2024-02-27 12:18:46,174: INFO: common: yaml file: params.yaml loaded successfully]
[2024-02-27 12:18:46,174: INFO: common: created directory at: artifacts]
[2024-02-27 12:18:46,174: INFO: common: created directory at: artifacts/data_ingestion]
[2024-02-27 12:18:46,174: INFO: data_ingestion: Downloading data from https://drive.google.com/file/d/1UYC3h9K1DofV18stjVLyuu1KN6WGHryG/view?usp=drive_link into file artifacts/data_ingestion/data.zip]
[2024-02-27 12:19:38,032: INFO: data_ingestion: Downloaded data from https://drive.google.com/file/d/1UYC3h9K1DofV18stjVLyuu1KN6WGHryG/view?usp=drive_link into file artifacts/data_ingestion/data.zip]
[2024-02-27 12:19:46,154: INFO: main: >>>>>> STAGE DATA INGESTION COMPLETED <<<<<<

x==========x]
[2024-02-27 12:19:46,154: INFO: main: *******************]
[2024-02-27 12:19:46,154: INFO: main: >>>>>> STAGE Prepare base model STARTED <<<<<<]
[2024-02-27 12:19:46,170: INFO: common: yaml file: config\config.yaml loaded successfully]
[2024-02-27 12:19:46,170: INFO: common: yaml file: params.yaml loaded successfully]
[2024-02-27 12:19:46,170: INFO: common: created directory at: artifacts]
[2024-02-27 12:19:46,170: INFO: common: created directory at: artifacts/prepare_base_model]
[2024-02-27 12:19:46,572: WARNING: saving_utils: Compiled the loaded model, but the compiled metrics have yet to be built. `model.compile_metrics` will be empty until you train or evaluate the model.]
[2024-02-27 12:19:46,783: INFO: main: >>>>>> STAGE Prepare base model COMPLETED <<<<<<

x==========x]
[2024-02-27 17:21:32,788: INFO: main: >>>>>> STAGE DATA INGESTION STARTED <<<<<<]
[2024-02-27 17:21:32,804: INFO: common: yaml file: config\config.yaml loaded successfully]
[2024-02-27 17:21:32,804: INFO: common: yaml file: params.yaml loaded successfully]
[2024-02-27 17:21:32,804: INFO: common: created directory at: artifacts]
[2024-02-27 17:21:32,804: INFO: common: created directory at: artifacts/data_ingestion]
[2024-02-27 17:21:32,804: INFO: data_ingestion: Downloading data from https://drive.google.com/file/d/1PeKZ4676FKNvGRnKqsRQdAl0EWBY-rP6/view?usp=sharing into file artifacts/data_ingestion/data.zip]
[2024-02-27 17:22:43,659: INFO: data_ingestion: Downloaded data from https://drive.google.com/file/d/1PeKZ4676FKNvGRnKqsRQdAl0EWBY-rP6/view?usp=sharing into file artifacts/data_ingestion/data.zip]
[2024-02-27 17:22:52,365: INFO: main: >>>>>> STAGE DATA INGESTION COMPLETED <<<<<<

x==========x]
[2024-02-27 17:22:52,365: INFO: main: *******************]
[2024-02-27 17:22:52,365: INFO: main: >>>>>> STAGE Prepare base model STARTED <<<<<<]
[2024-02-27 17:22:52,365: INFO: common: yaml file: config\config.yaml loaded successfully]
[2024-02-27 17:22:52,365: INFO: common: yaml file: params.yaml loaded successfully]
[2024-02-27 17:22:52,365: INFO: common: created directory at: artifacts]
[2024-02-27 17:22:52,365: INFO: common: created directory at: artifacts/prepare_base_model]
[2024-02-27 17:22:52,952: WARNING: saving_utils: Compiled the loaded model, but the compiled metrics have yet to be built. `model.compile_metrics` will be empty until you train or evaluate the model.]
[2024-02-27 17:22:53,189: INFO: main: >>>>>> STAGE Prepare base model COMPLETED <<<<<<

x==========x]
[2024-02-27 17:49:15,001: INFO: common: yaml file: config\config.yaml loaded successfully]
[2024-02-27 17:49:15,001: INFO: common: yaml file: params.yaml loaded successfully]
[2024-02-27 17:49:15,013: INFO: common: created directory at: artifacts]
[2024-02-27 17:49:15,013: INFO: common: created directory at: artifacts\training]
[2024-02-27 19:16:52,820: INFO: common: yaml file: config\config.yaml loaded successfully]
[2024-02-27 19:16:52,820: INFO: common: yaml file: params.yaml loaded successfully]
[2024-02-27 19:16:52,820: INFO: common: created directory at: artifacts]
[2024-02-27 19:22:30,070: INFO: common: json file saved at: scores.json]
[2024-02-27 19:23:17,409: WARNING: save: Found untraced functions such as _jit_compiled_convolution_op, _jit_compiled_convolution_op, _jit_compiled_convolution_op, _jit_compiled_convolution_op, _jit_compiled_convolution_op while saving (showing 5 of 14). These functions will not be directly callable after loading.]
[2024-02-27 19:23:18,200: INFO: builder_impl: Assets written to: C:\Users\Dell\AppData\Local\Temp\tmpd1x8dpvc\model\data\model\assets]
[2024-02-27 21:11:09,540: INFO: stage_01: >>>>>> stage Data Ingestion stage started <<<<<<]
[2024-02-27 21:11:09,543: INFO: common: yaml file: config\config.yaml loaded successfully]
[2024-02-27 21:11:09,545: INFO: common: yaml file: params.yaml loaded successfully]
[2024-02-27 21:11:09,545: INFO: common: created directory at: artifacts]
[2024-02-27 21:11:09,546: INFO: common: created directory at: artifacts/data_ingestion]
[2024-02-27 21:11:09,546: INFO: data_ingestion: Downloading data from https://drive.google.com/file/d/1PeKZ4676FKNvGRnKqsRQdAl0EWBY-rP6/view?usp=sharing into file artifacts/data_ingestion/data.zip]
[2024-02-27 21:12:07,936: INFO: data_ingestion: Downloaded data from https://drive.google.com/file/d/1PeKZ4676FKNvGRnKqsRQdAl0EWBY-rP6/view?usp=sharing into file artifacts/data_ingestion/data.zip]
[2024-02-27 21:12:24,371: INFO: stage_01: >>>>>> stage Data Ingestion stage completed <<<<<<

x==========x]
[2024-02-27 21:13:47,000: INFO: stage_02: *******************]
[2024-02-27 21:13:47,000: INFO: stage_02: >>>>>> STAGE Prepare Base Model STARTED <<<<<<]
[2024-02-27 21:13:47,000: INFO: common: yaml file: config\config.yaml loaded successfully]
[2024-02-27 21:13:47,000: INFO: common: yaml file: params.yaml loaded successfully]
[2024-02-27 21:13:47,000: INFO: common: created directory at: artifacts]
[2024-02-27 21:13:47,000: INFO: common: created directory at: artifacts/prepare_base_model]
[2024-02-27 21:13:47,438: WARNING: saving_utils: Compiled the loaded model, but the compiled metrics have yet to be built. `model.compile_metrics` will be empty until you train or evaluate the model.]
[2024-02-27 21:13:47,639: INFO: stage_02: >>>>>> STAGE Prepare Base Model COMPLETED <<<<<<

x==========x]
[2024-02-27 21:13:56,299: INFO: stage_03: *******************]
[2024-02-27 21:13:56,299: INFO: stage_03: >>>>>> stage Training started <<<<<<]
[2024-02-27 21:13:56,299: INFO: common: yaml file: config\config.yaml loaded successfully]
[2024-02-27 21:13:56,299: INFO: common: yaml file: params.yaml loaded successfully]
[2024-02-27 21:13:56,315: INFO: common: created directory at: artifacts]
[2024-02-27 21:13:56,315: INFO: common: created directory at: artifacts\training]
[2024-02-27 21:30:33,365: INFO: stage_03: >>>>>> stage Training completed <<<<<<

x==========x]
[2024-02-27 21:30:44,675: INFO: stage_04: *******************]
[2024-02-27 21:30:44,675: INFO: stage_04: >>>>>> stage Evaluation stage started <<<<<<]
[2024-02-27 21:30:44,675: INFO: common: yaml file: config\config.yaml loaded successfully]
[2024-02-27 21:30:44,675: INFO: common: yaml file: params.yaml loaded successfully]
[2024-02-27 21:30:44,675: INFO: common: created directory at: artifacts]
[2024-02-27 21:35:34,230: INFO: common: json file saved at: scores.json]
[2024-02-27 21:35:34,230: INFO: common: json file saved at: scores.json]
[2024-02-27 21:35:34,230: INFO: stage_04: >>>>>> stage Evaluation stage completed <<<<<<

x==========x]
[2024-02-27 21:37:49,075: INFO: stage_04: *******************]
[2024-02-27 21:37:49,075: INFO: stage_04: >>>>>> stage Evaluation stage started <<<<<<]
[2024-02-27 21:37:49,091: INFO: common: yaml file: config\config.yaml loaded successfully]
[2024-02-27 21:37:49,091: INFO: common: yaml file: params.yaml loaded successfully]
[2024-02-27 21:37:49,091: INFO: common: created directory at: artifacts]
[2024-02-27 21:38:58,818: INFO: stage_02: *******************]
[2024-02-27 21:38:58,818: INFO: stage_02: >>>>>> STAGE Prepare Base Model STARTED <<<<<<]
[2024-02-27 21:38:58,818: INFO: common: yaml file: config\config.yaml loaded successfully]
[2024-02-27 21:38:58,818: INFO: common: yaml file: params.yaml loaded successfully]
[2024-02-27 21:38:58,818: INFO: common: created directory at: artifacts]
[2024-02-27 21:38:58,825: INFO: common: created directory at: artifacts/prepare_base_model]
[2024-02-27 21:38:59,156: WARNING: saving_utils: Compiled the loaded model, but the compiled metrics have yet to be built. `model.compile_metrics` will be empty until you train or evaluate the model.]
[2024-02-27 21:38:59,315: INFO: stage_02: >>>>>> STAGE Prepare Base Model COMPLETED <<<<<<

x==========x]
[2024-02-27 21:39:07,184: INFO: stage_03: *******************]
[2024-02-27 21:39:07,184: INFO: stage_03: >>>>>> stage Training started <<<<<<]
[2024-02-27 21:39:07,200: INFO: common: yaml file: config\config.yaml loaded successfully]
[2024-02-27 21:39:07,200: INFO: common: yaml file: params.yaml loaded successfully]
[2024-02-27 21:39:07,200: INFO: common: created directory at: artifacts]
[2024-02-27 21:39:07,200: INFO: common: created directory at: artifacts\training]
[2024-02-27 21:44:18,148: INFO: stage_02: *******************]
[2024-02-27 21:44:18,148: INFO: stage_02: >>>>>> STAGE Prepare Base Model STARTED <<<<<<]
[2024-02-27 21:44:18,148: INFO: common: yaml file: config\config.yaml loaded successfully]
[2024-02-27 21:44:18,164: INFO: common: yaml file: params.yaml loaded successfully]
[2024-02-27 21:44:18,164: INFO: common: created directory at: artifacts]
[2024-02-27 21:44:18,164: INFO: common: created directory at: artifacts/prepare_base_model]
[2024-02-27 21:44:18,484: WARNING: saving_utils: Compiled the loaded model, but the compiled metrics have yet to be built. `model.compile_metrics` will be empty until you train or evaluate the model.]
[2024-02-27 21:44:18,700: INFO: stage_02: >>>>>> STAGE Prepare Base Model COMPLETED <<<<<<

x==========x]
